

Initial parameters ::
[ 2.   2.   0.2  2. ]
normalized residual sum =  17348429378.5
normalized residual sum =  17348429378.5
normalized residual sum =  17348429378.5
normalized residual sum =  17348429378.5
normalized residual sum =  17348429378.5
normalized residual sum =  17348429378.5
normalized residual sum =  17348429378.5
normalized residual sum =  17348429378.5
normalized residual sum =  17303371123.7
normalized residual sum =  17303371124.0
normalized residual sum =  17303371124.0
normalized residual sum =  17303371123.7
normalized residual sum =  17303371123.7
normalized residual sum =  17219997852.9
normalized residual sum =  17219997853.8
normalized residual sum =  17219997853.8
normalized residual sum =  17219997852.9
normalized residual sum =  17219997852.9
normalized residual sum =  17076783252.8
normalized residual sum =  17076783254.7
normalized residual sum =  17076783254.7
normalized residual sum =  17076783252.8
normalized residual sum =  17076783252.8
normalized residual sum =  16827735736.0
normalized residual sum =  16827735739.2
normalized residual sum =  16827735739.2
normalized residual sum =  16827735736.0
normalized residual sum =  16827735736.0
normalized residual sum =  16479167361.8
normalized residual sum =  16479167365.5
normalized residual sum =  16479167365.5
normalized residual sum =  16479167361.8
normalized residual sum =  16479167361.8
normalized residual sum =  16323300025.9
normalized residual sum =  16323300025.9
normalized residual sum =  16323300025.9
normalized residual sum =  16323300025.9
normalized residual sum =  16323300025.9
normalized residual sum =  16322003485.7
normalized residual sum =  16322003485.7
normalized residual sum =  16322003485.7
normalized residual sum =  16322003485.7
normalized residual sum =  16322003485.7
normalized residual sum =  16319412663.9
normalized residual sum =  16319412663.9
normalized residual sum =  16319412663.9
normalized residual sum =  16319412663.9
normalized residual sum =  16319412663.9
normalized residual sum =  16314238890.7
normalized residual sum =  16314238890.6
normalized residual sum =  16314238890.8
normalized residual sum =  16314238890.7
normalized residual sum =  16314238890.7
normalized residual sum =  16303923008.8
normalized residual sum =  16303923008.7
normalized residual sum =  16303923009.0
normalized residual sum =  16303923008.8
normalized residual sum =  16303923008.8
normalized residual sum =  16283417295.8
normalized residual sum =  16283417295.5
normalized residual sum =  16283417296.1
normalized residual sum =  16283417295.8
normalized residual sum =  16283417295.8
normalized residual sum =  16242904542.6
normalized residual sum =  16242904542.0
normalized residual sum =  16242904543.2
normalized residual sum =  16242904542.6
normalized residual sum =  16242904542.6
normalized residual sum =  16163830630.4
normalized residual sum =  16163830629.3
normalized residual sum =  16163830631.6
normalized residual sum =  16163830630.4
normalized residual sum =  16163830630.4
normalized residual sum =  16013157001.0
normalized residual sum =  16013156998.8
normalized residual sum =  16013157003.3
normalized residual sum =  16013157001.0
normalized residual sum =  16013157001.0
normalized residual sum =  15739252199.1
normalized residual sum =  15739252195.0
normalized residual sum =  15739252203.3
normalized residual sum =  15739252199.1
normalized residual sum =  15739252199.1
normalized residual sum =  15236307800.0
normalized residual sum =  15236307792.9
normalized residual sum =  15236307807.3
normalized residual sum =  15236307800.0
normalized residual sum =  15236307800.0
normalized residual sum =  14409879820.3
normalized residual sum =  14409879809.9
normalized residual sum =  14409879831.1
normalized residual sum =  14409879820.3
normalized residual sum =  14409879820.3
normalized residual sum =  13474867134.7
normalized residual sum =  13474867129.0
normalized residual sum =  13474867142.6
normalized residual sum =  13474867134.7
normalized residual sum =  13474867134.7
normalized residual sum =  13366027014.7
normalized residual sum =  13366027017.0
normalized residual sum =  13366027017.0
normalized residual sum =  13366027014.7
normalized residual sum =  13366027014.7
normalized residual sum =  13366027014.7
Result flag = 1
 Fit parameters ::
[  4.32034167e+07  -1.51257062e+08   2.00000000e-01   2.00000000e+00]
normalized residual sum =  13366027014.7
